Observations shape: (4, 84, 84)
Actions shape: 18
Epoch #1: test_reward: -24.000000 ± 0.000000, best_reward: -2.600000 ± 4.476606 in #0
Epoch #2: test_reward: -4.300000 ± 3.034798, best_reward: -2.600000 ± 4.476606 in #0
Epoch #3: test_reward: -23.800000 ± 0.400000, best_reward: -2.600000 ± 4.476606 in #0
Epoch #4: test_reward: -24.000000 ± 0.000000, best_reward: -2.600000 ± 4.476606 in #0
Epoch #5: test_reward: -21.200000 ± 5.362835, best_reward: -2.600000 ± 4.476606 in #0
Epoch #6: test_reward: -23.700000 ± 0.458258, best_reward: -2.600000 ± 4.476606 in #0
Epoch #7: test_reward: -23.200000 ± 0.871780, best_reward: -2.600000 ± 4.476606 in #0
Epoch #8: test_reward: -24.000000 ± 0.000000, best_reward: -2.600000 ± 4.476606 in #0
Epoch #9: test_reward: -17.700000 ± 6.017475, best_reward: -2.600000 ± 4.476606 in #0
Epoch #10: test_reward: -23.300000 ± 0.640312, best_reward: -2.600000 ± 4.476606 in #0
Epoch #11: test_reward: -23.700000 ± 0.640312, best_reward: -2.600000 ± 4.476606 in #0
Epoch #12: test_reward: -9.000000 ± 1.000000, best_reward: -2.600000 ± 4.476606 in #0
Epoch #13: test_reward: -13.100000 ± 9.256889, best_reward: -2.600000 ± 4.476606 in #0
Epoch #14: test_reward: -6.300000 ± 2.609598, best_reward: -2.600000 ± 4.476606 in #0
Epoch #15: test_reward: -13.100000 ± 6.729785, best_reward: -2.600000 ± 4.476606 in #0
Epoch #16: test_reward: -7.200000 ± 6.910861, best_reward: -2.600000 ± 4.476606 in #0
Epoch #17: test_reward: -18.500000 ± 3.612478, best_reward: -2.600000 ± 4.476606 in #0
Epoch #18: test_reward: -23.800000 ± 0.600000, best_reward: -2.600000 ± 4.476606 in #0
Epoch #19: test_reward: -6.600000 ± 3.693237, best_reward: -2.600000 ± 4.476606 in #0
Epoch #20: test_reward: -16.700000 ± 7.335530, best_reward: -2.600000 ± 4.476606 in #0
Epoch #21: test_reward: -5.200000 ± 6.400000, best_reward: -2.600000 ± 4.476606 in #0
Epoch #22: test_reward: -20.300000 ± 4.733920, best_reward: -2.600000 ± 4.476606 in #0
Epoch #23: test_reward: -15.900000 ± 8.324062, best_reward: -2.600000 ± 4.476606 in #0
Epoch #24: test_reward: -9.800000 ± 2.271563, best_reward: -2.600000 ± 4.476606 in #0
Epoch #25: test_reward: -7.000000 ± 2.898275, best_reward: -2.600000 ± 4.476606 in #0
Epoch #26: test_reward: -22.400000 ± 4.800000, best_reward: -2.600000 ± 4.476606 in #0
Epoch #27: test_reward: -6.200000 ± 3.249615, best_reward: -2.600000 ± 4.476606 in #0
Epoch #28: test_reward: -2.700000 ± 2.722132, best_reward: -2.600000 ± 4.476606 in #0
Epoch #29: test_reward: -23.500000 ± 0.500000, best_reward: -2.600000 ± 4.476606 in #0
Epoch #30: test_reward: -0.900000 ± 0.300000, best_reward: -0.900000 ± 0.300000 in #30
Epoch #31: test_reward: -20.500000 ± 6.989278, best_reward: -0.900000 ± 0.300000 in #30
Epoch #32: test_reward: -7.400000 ± 3.168596, best_reward: -0.900000 ± 0.300000 in #30
Epoch #33: test_reward: -5.500000 ± 3.354102, best_reward: -0.900000 ± 0.300000 in #30
Epoch #34: test_reward: -5.200000 ± 5.670979, best_reward: -0.900000 ± 0.300000 in #30
Epoch #35: test_reward: -9.500000 ± 6.422616, best_reward: -0.900000 ± 0.300000 in #30
Epoch #36: test_reward: -12.900000 ± 6.624953, best_reward: -0.900000 ± 0.300000 in #30
Epoch #37: test_reward: -1.000000 ± 0.000000, best_reward: -0.900000 ± 0.300000 in #30
Epoch #38: test_reward: -1.000000 ± 0.000000, best_reward: -0.900000 ± 0.300000 in #30
Epoch #39: test_reward: -1.000000 ± 0.000000, best_reward: -0.900000 ± 0.300000 in #30
Epoch #40: test_reward: -24.000000 ± 0.000000, best_reward: -0.900000 ± 0.300000 in #30
Epoch #41: test_reward: -0.800000 ± 0.400000, best_reward: -0.800000 ± 0.400000 in #41
Epoch #42: test_reward: -23.700000 ± 0.640312, best_reward: -0.800000 ± 0.400000 in #41
Epoch #43: test_reward: -1.000000 ± 0.000000, best_reward: -0.800000 ± 0.400000 in #41
Epoch #44: test_reward: -24.000000 ± 0.000000, best_reward: -0.800000 ± 0.400000 in #41
Epoch #45: test_reward: -1.000000 ± 0.000000, best_reward: -0.800000 ± 0.400000 in #41
Epoch #46: test_reward: -1.000000 ± 0.000000, best_reward: -0.800000 ± 0.400000 in #41
Epoch #47: test_reward: -21.000000 ± 6.016644, best_reward: -0.800000 ± 0.400000 in #41
Epoch #48: test_reward: -24.000000 ± 0.000000, best_reward: -0.800000 ± 0.400000 in #41
Epoch #49: test_reward: -24.000000 ± 0.000000, best_reward: -0.800000 ± 0.400000 in #41
Epoch #50: test_reward: -23.800000 ± 0.600000, best_reward: -0.800000 ± 0.400000 in #41
Epoch #51: test_reward: -24.000000 ± 0.000000, best_reward: -0.800000 ± 0.400000 in #41
Epoch #52: test_reward: -1.100000 ± 0.300000, best_reward: -0.800000 ± 0.400000 in #41
Epoch #53: test_reward: -21.800000 ± 6.600000, best_reward: -0.800000 ± 0.400000 in #41
Epoch #54: test_reward: -24.000000 ± 0.000000, best_reward: -0.800000 ± 0.400000 in #41
Epoch #55: test_reward: -24.000000 ± 0.000000, best_reward: -0.800000 ± 0.400000 in #41
Epoch #56: test_reward: -24.000000 ± 0.000000, best_reward: -0.800000 ± 0.400000 in #41
Epoch #57: test_reward: -1.000000 ± 0.000000, best_reward: -0.800000 ± 0.400000 in #41
Epoch #58: test_reward: -1.000000 ± 0.000000, best_reward: -0.800000 ± 0.400000 in #41
Epoch #59: test_reward: -24.000000 ± 0.000000, best_reward: -0.800000 ± 0.400000 in #41
Epoch #60: test_reward: -24.000000 ± 0.000000, best_reward: -0.800000 ± 0.400000 in #41
Epoch #61: test_reward: -1.000000 ± 0.000000, best_reward: -0.800000 ± 0.400000 in #41
Epoch #62: test_reward: -1.000000 ± 0.000000, best_reward: -0.800000 ± 0.400000 in #41
Epoch #63: test_reward: -1.000000 ± 0.000000, best_reward: -0.800000 ± 0.400000 in #41
Epoch #64: test_reward: -0.900000 ± 0.300000, best_reward: -0.800000 ± 0.400000 in #41
Epoch #65: test_reward: -1.000000 ± 0.000000, best_reward: -0.800000 ± 0.400000 in #41
Epoch #66: test_reward: -21.900000 ± 6.300000, best_reward: -0.800000 ± 0.400000 in #41
Epoch #67: test_reward: -0.900000 ± 0.300000, best_reward: -0.800000 ± 0.400000 in #41
Epoch #68: test_reward: -24.000000 ± 0.000000, best_reward: -0.800000 ± 0.400000 in #41
Epoch #69: test_reward: -1.000000 ± 0.000000, best_reward: -0.800000 ± 0.400000 in #41
Epoch #70: test_reward: -0.900000 ± 0.300000, best_reward: -0.800000 ± 0.400000 in #41
Epoch #71: test_reward: -1.100000 ± 0.300000, best_reward: -0.800000 ± 0.400000 in #41
Epoch #72: test_reward: -24.000000 ± 0.000000, best_reward: -0.800000 ± 0.400000 in #41
Epoch #73: test_reward: -1.000000 ± 0.000000, best_reward: -0.800000 ± 0.400000 in #41
Epoch #74: test_reward: -1.000000 ± 0.000000, best_reward: -0.800000 ± 0.400000 in #41
Epoch #75: test_reward: -1.000000 ± 0.000000, best_reward: -0.800000 ± 0.400000 in #41
Epoch #76: test_reward: -1.000000 ± 0.000000, best_reward: -0.800000 ± 0.400000 in #41
Epoch #77: test_reward: -24.000000 ± 0.000000, best_reward: -0.800000 ± 0.400000 in #41
Epoch #78: test_reward: -1.000000 ± 0.000000, best_reward: -0.800000 ± 0.400000 in #41
Epoch #79: test_reward: -23.200000 ± 2.400000, best_reward: -0.800000 ± 0.400000 in #41
Epoch #80: test_reward: -24.000000 ± 0.000000, best_reward: -0.800000 ± 0.400000 in #41
Epoch #81: test_reward: -1.000000 ± 0.000000, best_reward: -0.800000 ± 0.400000 in #41
Epoch #82: test_reward: -1.000000 ± 0.000000, best_reward: -0.800000 ± 0.400000 in #41
Epoch #83: test_reward: -24.000000 ± 0.000000, best_reward: -0.800000 ± 0.400000 in #41
Epoch #84: test_reward: -24.000000 ± 0.000000, best_reward: -0.800000 ± 0.400000 in #41
Epoch #85: test_reward: -1.000000 ± 0.000000, best_reward: -0.800000 ± 0.400000 in #41
Epoch #86: test_reward: -1.000000 ± 0.000000, best_reward: -0.800000 ± 0.400000 in #41
Epoch #87: test_reward: -1.000000 ± 0.000000, best_reward: -0.800000 ± 0.400000 in #41
Epoch #88: test_reward: -23.900000 ± 0.300000, best_reward: -0.800000 ± 0.400000 in #41
Epoch #89: test_reward: -0.900000 ± 0.300000, best_reward: -0.800000 ± 0.400000 in #41
Epoch #90: test_reward: -23.500000 ± 0.670820, best_reward: -0.800000 ± 0.400000 in #41
Epoch #91: test_reward: -24.000000 ± 0.000000, best_reward: -0.800000 ± 0.400000 in #41
Epoch #92: test_reward: -24.000000 ± 0.000000, best_reward: -0.800000 ± 0.400000 in #41
Epoch #93: test_reward: -24.000000 ± 0.000000, best_reward: -0.800000 ± 0.400000 in #41
Epoch #94: test_reward: -24.000000 ± 0.000000, best_reward: -0.800000 ± 0.400000 in #41
Epoch #95: test_reward: -1.000000 ± 0.000000, best_reward: -0.800000 ± 0.400000 in #41
Epoch #96: test_reward: -0.900000 ± 0.300000, best_reward: -0.800000 ± 0.400000 in #41
Epoch #97: test_reward: -1.000000 ± 0.000000, best_reward: -0.800000 ± 0.400000 in #41
Epoch #98: test_reward: -1.000000 ± 0.000000, best_reward: -0.800000 ± 0.400000 in #41
Epoch #99: test_reward: -1.000000 ± 0.000000, best_reward: -0.800000 ± 0.400000 in #41
Epoch #100: test_reward: -1.100000 ± 0.300000, best_reward: -0.800000 ± 0.400000 in #41
InfoStats(gradient_step=1000000,
          best_reward=-0.8,
          best_reward_std=0.4,
          train_step=10000000,
          train_episode=1095,
          test_step=16839763,
          test_episode=1010,
          timing=TimingStats(total_time=64546.03591775894,
                             train_time=28739.646413326263,
                             train_time_collect=15201.689288377762,
                             train_time_update=12772.770154476166,
                             test_time=35806.38950443268,
                             update_speed=347.9513928662361))
Setup test envs ...
Testing agent ...
CollectStats
----------------------------------------
{   'collect_speed': 458.08700209760633,
    'collect_time': 589.4076862335205,
    'lens': array([27000, 27000, 27000, 27000, 27000, 27000, 27000, 27000, 27000,
       27000]),
    'lens_stat': {'max': 27000.0, 'mean': 27000.0, 'min': 27000.0, 'std': 0.0},
    'n_collected_episodes': 10,
    'n_collected_steps': 270000,
    'returns': array([-1., -1., -1., -1., -1., -1., -1., -1., -1., -1.]),
    'returns_stat': {'max': -1.0, 'mean': -1.0, 'min': -1.0, 'std': 0.0}}
