Observations shape: (4, 84, 84)
Actions shape: 3
Epoch #1: test_reward: 0.000000 ± 0.000000, best_reward: 22.500000 ± 1.910497 in #0
Epoch #2: test_reward: 0.000000 ± 0.000000, best_reward: 22.500000 ± 1.910497 in #0
Epoch #3: test_reward: 0.000000 ± 0.000000, best_reward: 22.500000 ± 1.910497 in #0
Epoch #4: test_reward: 0.000000 ± 0.000000, best_reward: 22.500000 ± 1.910497 in #0
Epoch #5: test_reward: 0.000000 ± 0.000000, best_reward: 22.500000 ± 1.910497 in #0
Epoch #6: test_reward: 13.400000 ± 1.356466, best_reward: 22.500000 ± 1.910497 in #0
Epoch #7: test_reward: 23.200000 ± 2.039608, best_reward: 23.200000 ± 2.039608 in #7
Epoch #8: test_reward: 20.300000 ± 1.004988, best_reward: 23.200000 ± 2.039608 in #7
Epoch #9: test_reward: 22.300000 ± 1.552417, best_reward: 23.200000 ± 2.039608 in #7
Epoch #10: test_reward: 29.400000 ± 1.356466, best_reward: 29.400000 ± 1.356466 in #10
Epoch #11: test_reward: 29.800000 ± 1.166190, best_reward: 29.800000 ± 1.166190 in #11
Epoch #12: test_reward: 31.300000 ± 0.640312, best_reward: 31.300000 ± 0.640312 in #12
Epoch #13: test_reward: 31.600000 ± 0.489898, best_reward: 31.600000 ± 0.489898 in #13
Epoch #14: test_reward: 31.300000 ± 0.900000, best_reward: 31.600000 ± 0.489898 in #13
Epoch #15: test_reward: 30.900000 ± 1.640122, best_reward: 31.600000 ± 0.489898 in #13
Epoch #16: test_reward: 30.800000 ± 0.400000, best_reward: 31.600000 ± 0.489898 in #13
Epoch #17: test_reward: 31.200000 ± 0.979796, best_reward: 31.600000 ± 0.489898 in #13
Epoch #18: test_reward: 31.800000 ± 0.400000, best_reward: 31.800000 ± 0.400000 in #18
Epoch #19: test_reward: 30.800000 ± 0.600000, best_reward: 31.800000 ± 0.400000 in #18
Epoch #20: test_reward: 30.900000 ± 0.943398, best_reward: 31.800000 ± 0.400000 in #18
Epoch #21: test_reward: 32.000000 ± 0.000000, best_reward: 32.000000 ± 0.000000 in #21
Epoch #22: test_reward: 30.900000 ± 1.513275, best_reward: 32.000000 ± 0.000000 in #21
Epoch #23: test_reward: 32.700000 ± 0.640312, best_reward: 32.700000 ± 0.640312 in #23
Epoch #24: test_reward: 31.100000 ± 0.538516, best_reward: 32.700000 ± 0.640312 in #23
Epoch #25: test_reward: 32.200000 ± 0.400000, best_reward: 32.700000 ± 0.640312 in #23
Epoch #26: test_reward: 32.000000 ± 0.774597, best_reward: 32.700000 ± 0.640312 in #23
Epoch #27: test_reward: 32.600000 ± 0.489898, best_reward: 32.700000 ± 0.640312 in #23
Epoch #28: test_reward: 32.400000 ± 0.489898, best_reward: 32.700000 ± 0.640312 in #23
Epoch #29: test_reward: 30.600000 ± 1.200000, best_reward: 32.700000 ± 0.640312 in #23
Epoch #30: test_reward: 32.600000 ± 0.489898, best_reward: 32.700000 ± 0.640312 in #23
Epoch #31: test_reward: 32.500000 ± 0.670820, best_reward: 32.700000 ± 0.640312 in #23
Epoch #32: test_reward: 32.600000 ± 0.489898, best_reward: 32.700000 ± 0.640312 in #23
Epoch #33: test_reward: 32.000000 ± 0.000000, best_reward: 32.700000 ± 0.640312 in #23
Epoch #34: test_reward: 31.800000 ± 0.871780, best_reward: 32.700000 ± 0.640312 in #23
Epoch #35: test_reward: 32.000000 ± 0.000000, best_reward: 32.700000 ± 0.640312 in #23
Epoch #36: test_reward: 31.100000 ± 0.830662, best_reward: 32.700000 ± 0.640312 in #23
Epoch #37: test_reward: 32.200000 ± 0.600000, best_reward: 32.700000 ± 0.640312 in #23
Epoch #38: test_reward: 31.000000 ± 0.894427, best_reward: 32.700000 ± 0.640312 in #23
Epoch #39: test_reward: 32.000000 ± 0.000000, best_reward: 32.700000 ± 0.640312 in #23
Epoch #40: test_reward: 32.000000 ± 0.774597, best_reward: 32.700000 ± 0.640312 in #23
Epoch #41: test_reward: 32.400000 ± 0.489898, best_reward: 32.700000 ± 0.640312 in #23
Epoch #42: test_reward: 32.000000 ± 0.774597, best_reward: 32.700000 ± 0.640312 in #23
Epoch #43: test_reward: 31.700000 ± 0.458258, best_reward: 32.700000 ± 0.640312 in #23
Epoch #44: test_reward: 32.100000 ± 0.538516, best_reward: 32.700000 ± 0.640312 in #23
Epoch #45: test_reward: 32.600000 ± 0.489898, best_reward: 32.700000 ± 0.640312 in #23
Epoch #46: test_reward: 32.100000 ± 0.300000, best_reward: 32.700000 ± 0.640312 in #23
Epoch #47: test_reward: 32.400000 ± 0.800000, best_reward: 32.700000 ± 0.640312 in #23
Epoch #48: test_reward: 30.900000 ± 0.700000, best_reward: 32.700000 ± 0.640312 in #23
Epoch #49: test_reward: 32.800000 ± 0.400000, best_reward: 32.800000 ± 0.400000 in #49
Epoch #50: test_reward: 32.800000 ± 0.400000, best_reward: 32.800000 ± 0.400000 in #49
Epoch #51: test_reward: 32.200000 ± 0.400000, best_reward: 32.800000 ± 0.400000 in #49
Epoch #52: test_reward: 29.900000 ± 0.700000, best_reward: 32.800000 ± 0.400000 in #49
Epoch #53: test_reward: 31.700000 ± 0.458258, best_reward: 32.800000 ± 0.400000 in #49
Epoch #54: test_reward: 32.300000 ± 0.458258, best_reward: 32.800000 ± 0.400000 in #49
Epoch #55: test_reward: 32.000000 ± 0.447214, best_reward: 32.800000 ± 0.400000 in #49
Epoch #56: test_reward: 32.900000 ± 0.300000, best_reward: 32.900000 ± 0.300000 in #56
Epoch #57: test_reward: 31.300000 ± 0.458258, best_reward: 32.900000 ± 0.300000 in #56
Epoch #58: test_reward: 31.800000 ± 0.400000, best_reward: 32.900000 ± 0.300000 in #56
Epoch #59: test_reward: 32.000000 ± 0.894427, best_reward: 32.900000 ± 0.300000 in #56
Epoch #60: test_reward: 32.400000 ± 0.800000, best_reward: 32.900000 ± 0.300000 in #56
Epoch #61: test_reward: 32.600000 ± 0.489898, best_reward: 32.900000 ± 0.300000 in #56
Epoch #62: test_reward: 33.000000 ± 0.000000, best_reward: 33.000000 ± 0.000000 in #62
Epoch #63: test_reward: 32.500000 ± 0.806226, best_reward: 33.000000 ± 0.000000 in #62
Epoch #64: test_reward: 32.200000 ± 0.600000, best_reward: 33.000000 ± 0.000000 in #62
Epoch #65: test_reward: 32.600000 ± 0.663325, best_reward: 33.000000 ± 0.000000 in #62
Epoch #66: test_reward: 32.500000 ± 0.500000, best_reward: 33.000000 ± 0.000000 in #62
Epoch #67: test_reward: 32.400000 ± 0.489898, best_reward: 33.000000 ± 0.000000 in #62
Epoch #68: test_reward: 32.200000 ± 0.979796, best_reward: 33.000000 ± 0.000000 in #62
Epoch #69: test_reward: 31.500000 ± 0.806226, best_reward: 33.000000 ± 0.000000 in #62
Epoch #70: test_reward: 31.800000 ± 0.600000, best_reward: 33.000000 ± 0.000000 in #62
Epoch #71: test_reward: 31.600000 ± 0.489898, best_reward: 33.000000 ± 0.000000 in #62
Epoch #72: test_reward: 32.200000 ± 0.400000, best_reward: 33.000000 ± 0.000000 in #62
Epoch #73: test_reward: 33.000000 ± 0.632456, best_reward: 33.000000 ± 0.000000 in #62
Epoch #74: test_reward: 32.500000 ± 0.500000, best_reward: 33.000000 ± 0.000000 in #62
Epoch #75: test_reward: 31.500000 ± 0.670820, best_reward: 33.000000 ± 0.000000 in #62
Epoch #76: test_reward: 32.300000 ± 0.458258, best_reward: 33.000000 ± 0.000000 in #62
Epoch #77: test_reward: 32.100000 ± 0.700000, best_reward: 33.000000 ± 0.000000 in #62
Epoch #78: test_reward: 32.900000 ± 0.300000, best_reward: 33.000000 ± 0.000000 in #62
Epoch #79: test_reward: 32.400000 ± 0.489898, best_reward: 33.000000 ± 0.000000 in #62
Epoch #80: test_reward: 32.500000 ± 0.500000, best_reward: 33.000000 ± 0.000000 in #62
Epoch #81: test_reward: 32.500000 ± 0.500000, best_reward: 33.000000 ± 0.000000 in #62
Epoch #82: test_reward: 32.500000 ± 0.500000, best_reward: 33.000000 ± 0.000000 in #62
Epoch #83: test_reward: 32.400000 ± 0.489898, best_reward: 33.000000 ± 0.000000 in #62
Epoch #84: test_reward: 33.100000 ± 0.300000, best_reward: 33.100000 ± 0.300000 in #84
Epoch #85: test_reward: 30.900000 ± 0.700000, best_reward: 33.100000 ± 0.300000 in #84
Epoch #86: test_reward: 33.000000 ± 0.000000, best_reward: 33.100000 ± 0.300000 in #84
Epoch #87: test_reward: 33.000000 ± 0.447214, best_reward: 33.100000 ± 0.300000 in #84
Epoch #88: test_reward: 32.600000 ± 0.663325, best_reward: 33.100000 ± 0.300000 in #84
Epoch #89: test_reward: 31.900000 ± 1.135782, best_reward: 33.100000 ± 0.300000 in #84
Epoch #90: test_reward: 32.300000 ± 0.781025, best_reward: 33.100000 ± 0.300000 in #84
Epoch #91: test_reward: 32.900000 ± 0.300000, best_reward: 33.100000 ± 0.300000 in #84
Epoch #92: test_reward: 32.900000 ± 0.300000, best_reward: 33.100000 ± 0.300000 in #84
Epoch #93: test_reward: 32.700000 ± 0.458258, best_reward: 33.100000 ± 0.300000 in #84
Epoch #94: test_reward: 32.700000 ± 0.458258, best_reward: 33.100000 ± 0.300000 in #84
Epoch #95: test_reward: 32.400000 ± 0.663325, best_reward: 33.100000 ± 0.300000 in #84
Epoch #96: test_reward: 32.000000 ± 1.183216, best_reward: 33.100000 ± 0.300000 in #84
Epoch #97: test_reward: 31.000000 ± 1.095445, best_reward: 33.100000 ± 0.300000 in #84
Epoch #98: test_reward: 32.800000 ± 0.600000, best_reward: 33.100000 ± 0.300000 in #84
Epoch #99: test_reward: 32.700000 ± 0.458258, best_reward: 33.100000 ± 0.300000 in #84
Epoch #100: test_reward: 32.000000 ± 0.447214, best_reward: 33.100000 ± 0.300000 in #84
InfoStats(gradient_step=1000000,
          best_reward=33.1,
          best_reward_std=0.3,
          train_step=10000000,
          train_episode=4890,
          test_step=2064883,
          test_episode=1010,
          timing=TimingStats(total_time=65720.7962770462,
                             train_time=60441.93375849724,
                             train_time_collect=25560.760640621185,
                             train_time_update=33749.855629205704,
                             test_time=5278.862518548965,
                             update_speed=165.44804870003267))
Setup test envs ...
Testing agent ...
CollectStats
----------------------------------------
{   'collect_speed': 392.3854770393471,
    'collect_time': 52.12476301193237,
    'lens': array([2042, 2043, 2044, 2045, 2045, 2046, 2046, 2047, 2047, 2048]),
    'lens_stat': {   'max': 2048.0,
                     'mean': 2045.3,
                     'min': 2042.0,
                     'std': 1.7916472867168918},
    'n_collected_episodes': 10,
    'n_collected_steps': 20453,
    'returns': array([32., 30., 32., 33., 32., 32., 32., 32., 33., 32.]),
    'returns_stat': {   'max': 33.0,
                        'mean': 32.0,
                        'min': 30.0,
                        'std': 0.7745966692414834}}
